<?xml version="1.0" encoding="UTF-8"?>
<testsuite xmlns:xsi="http://www.w3.org/2001/XMLSchema-instance" xsi:noNamespaceSchemaLocation="https://maven.apache.org/surefire/maven-surefire-plugin/xsd/surefire-test-report-3.0.xsd" version="3.0" name="br.com.cielo.pfi.JsonTest" time="0.313" tests="1" errors="0" skipped="0" failures="0">
  <properties>
    <property name="java.specification.version" value="18"/>
    <property name="sun.jnu.encoding" value="UTF-8"/>
    <property name="java.class.path" value="/Users/alissonpedrina/Documents/projetos/github/akumoplatform/target/test-classes:/Users/alissonpedrina/.m2/repository/org/openjfx/javafx-controls/17.0.6/javafx-controls-17.0.6.jar:/Users/alissonpedrina/.m2/repository/org/openjfx/javafx-graphics/17.0.6/javafx-graphics-17.0.6.jar:/Users/alissonpedrina/.m2/repository/org/openjfx/javafx-base/17.0.6/javafx-base-17.0.6.jar:/Users/alissonpedrina/.m2/repository/org/openjfx/javafx-fxml/17.0.6/javafx-fxml-17.0.6.jar:/Users/alissonpedrina/.m2/repository/org/apache/maven/shared/maven-shared-utils/3.3.4/maven-shared-utils-3.3.4.jar:/Users/alissonpedrina/.m2/repository/javax/inject/javax.inject/1/javax.inject-1.jar:/Users/alissonpedrina/.m2/repository/org/junit/jupiter/junit-jupiter-api/5.9.2/junit-jupiter-api-5.9.2.jar:/Users/alissonpedrina/.m2/repository/org/opentest4j/opentest4j/1.2.0/opentest4j-1.2.0.jar:/Users/alissonpedrina/.m2/repository/org/junit/platform/junit-platform-commons/1.9.2/junit-platform-commons-1.9.2.jar:/Users/alissonpedrina/.m2/repository/org/apiguardian/apiguardian-api/1.1.2/apiguardian-api-1.1.2.jar:/Users/alissonpedrina/.m2/repository/org/junit/jupiter/junit-jupiter-engine/5.9.2/junit-jupiter-engine-5.9.2.jar:/Users/alissonpedrina/.m2/repository/org/junit/platform/junit-platform-engine/1.9.2/junit-platform-engine-1.9.2.jar:"/>
    <property name="java.vm.vendor" value="Amazon.com Inc."/>
    <property name="sun.arch.data.model" value="64"/>
    <property name="java.vendor.url" value="https://aws.amazon.com/corretto/"/>
    <property name="os.name" value="Mac OS X"/>
    <property name="java.vm.specification.version" value="18"/>
    <property name="sun.java.launcher" value="SUN_STANDARD"/>
    <property name="user.country" value="BR"/>
    <property name="sun.boot.library.path" value="/Users/alissonpedrina/.sdkman/candidates/java/18-amzn/lib"/>
    <property name="sun.java.command" value="org.apache.maven.surefire.booter.ForkedBooter /Users/alissonpedrina/Documents/projetos/github/akumoplatform/target/surefire 2023-09-11T05-58-55_511-jvmRun1 surefire-20230911055855937_1tmp surefire_0-20230911055855937_2tmp"/>
    <property name="http.nonProxyHosts" value="local|*.local|169.254/16|*.169.254/16"/>
    <property name="jdk.debug" value="release"/>
    <property name="surefire.test.class.path" value="/Users/alissonpedrina/Documents/projetos/github/akumoplatform/target/test-classes:/Users/alissonpedrina/.m2/repository/org/openjfx/javafx-controls/17.0.6/javafx-controls-17.0.6.jar:/Users/alissonpedrina/.m2/repository/org/openjfx/javafx-graphics/17.0.6/javafx-graphics-17.0.6.jar:/Users/alissonpedrina/.m2/repository/org/openjfx/javafx-base/17.0.6/javafx-base-17.0.6.jar:/Users/alissonpedrina/.m2/repository/org/openjfx/javafx-fxml/17.0.6/javafx-fxml-17.0.6.jar:/Users/alissonpedrina/.m2/repository/org/apache/maven/shared/maven-shared-utils/3.3.4/maven-shared-utils-3.3.4.jar:/Users/alissonpedrina/.m2/repository/javax/inject/javax.inject/1/javax.inject-1.jar:/Users/alissonpedrina/.m2/repository/org/junit/jupiter/junit-jupiter-api/5.9.2/junit-jupiter-api-5.9.2.jar:/Users/alissonpedrina/.m2/repository/org/opentest4j/opentest4j/1.2.0/opentest4j-1.2.0.jar:/Users/alissonpedrina/.m2/repository/org/junit/platform/junit-platform-commons/1.9.2/junit-platform-commons-1.9.2.jar:/Users/alissonpedrina/.m2/repository/org/apiguardian/apiguardian-api/1.1.2/apiguardian-api-1.1.2.jar:/Users/alissonpedrina/.m2/repository/org/junit/jupiter/junit-jupiter-engine/5.9.2/junit-jupiter-engine-5.9.2.jar:/Users/alissonpedrina/.m2/repository/org/junit/platform/junit-platform-engine/1.9.2/junit-platform-engine-1.9.2.jar:"/>
    <property name="sun.cpu.endian" value="little"/>
    <property name="user.home" value="/Users/alissonpedrina"/>
    <property name="user.language" value="pt"/>
    <property name="java.specification.vendor" value="Oracle Corporation"/>
    <property name="jdk.module.path" value="/Users/alissonpedrina/Documents/projetos/github/akumoplatform/target/classes:/Users/alissonpedrina/.m2/repository/org/openjfx/javafx-controls/17.0.6/javafx-controls-17.0.6-mac.jar:/Users/alissonpedrina/.m2/repository/org/openjfx/javafx-graphics/17.0.6/javafx-graphics-17.0.6-mac.jar:/Users/alissonpedrina/.m2/repository/org/openjfx/javafx-base/17.0.6/javafx-base-17.0.6-mac.jar:/Users/alissonpedrina/.m2/repository/org/openjfx/javafx-fxml/17.0.6/javafx-fxml-17.0.6-mac.jar:/Users/alissonpedrina/.m2/repository/org/controlsfx/controlsfx/11.1.2/controlsfx-11.1.2.jar:/Users/alissonpedrina/.m2/repository/com/dlsc/formsfx/formsfx-core/11.6.0/formsfx-core-11.6.0.jar:/Users/alissonpedrina/.m2/repository/com/google/code/gson/gson/2.10.1/gson-2.10.1.jar:/Users/alissonpedrina/.m2/repository/org/apache/maven/shared/maven-invoker/3.2.0/maven-invoker-3.2.0.jar:/Users/alissonpedrina/.m2/repository/commons-io/commons-io/2.6/commons-io-2.6.jar:/Users/alissonpedrina/.m2/repository/org/kordamp/bootstrapfx/bootstrapfx-core/0.4.0/bootstrapfx-core-0.4.0.jar"/>
    <property name="java.version.date" value="2022-03-22"/>
    <property name="java.home" value="/Users/alissonpedrina/.sdkman/candidates/java/18-amzn"/>
    <property name="file.separator" value="/"/>
    <property name="basedir" value="/Users/alissonpedrina/Documents/projetos/github/akumoplatform"/>
    <property name="java.vm.compressedOopsMode" value="Zero based"/>
    <property name="line.separator" value="&#10;"/>
    <property name="java.vm.specification.vendor" value="Oracle Corporation"/>
    <property name="java.specification.name" value="Java Platform API Specification"/>
    <property name="apple.awt.application.name" value="ForkedBooter"/>
    <property name="surefire.real.class.path" value="/Users/alissonpedrina/.m2/repository/org/apache/maven/surefire/surefire-api/3.1.2/surefire-api-3.1.2.jar:/Users/alissonpedrina/.m2/repository/org/apache/maven/surefire/surefire-booter/3.1.2/surefire-booter-3.1.2.jar:/Users/alissonpedrina/.m2/repository/org/apache/maven/surefire/surefire-extensions-spi/3.1.2/surefire-extensions-spi-3.1.2.jar:/Users/alissonpedrina/.m2/repository/org/apache/maven/surefire/surefire-logger-api/3.1.2/surefire-logger-api-3.1.2.jar:/Users/alissonpedrina/.m2/repository/org/apache/maven/surefire/surefire-shared-utils/3.1.2/surefire-shared-utils-3.1.2.jar:/Users/alissonpedrina/Documents/projetos/github/akumoplatform/target/test-classes:/Users/alissonpedrina/.m2/repository/org/openjfx/javafx-controls/17.0.6/javafx-controls-17.0.6.jar:/Users/alissonpedrina/.m2/repository/org/openjfx/javafx-graphics/17.0.6/javafx-graphics-17.0.6.jar:/Users/alissonpedrina/.m2/repository/org/openjfx/javafx-base/17.0.6/javafx-base-17.0.6.jar:/Users/alissonpedrina/.m2/repository/org/openjfx/javafx-fxml/17.0.6/javafx-fxml-17.0.6.jar:/Users/alissonpedrina/.m2/repository/org/apache/maven/shared/maven-shared-utils/3.3.4/maven-shared-utils-3.3.4.jar:/Users/alissonpedrina/.m2/repository/javax/inject/javax.inject/1/javax.inject-1.jar:/Users/alissonpedrina/.m2/repository/org/junit/jupiter/junit-jupiter-api/5.9.2/junit-jupiter-api-5.9.2.jar:/Users/alissonpedrina/.m2/repository/org/opentest4j/opentest4j/1.2.0/opentest4j-1.2.0.jar:/Users/alissonpedrina/.m2/repository/org/junit/platform/junit-platform-commons/1.9.2/junit-platform-commons-1.9.2.jar:/Users/alissonpedrina/.m2/repository/org/apiguardian/apiguardian-api/1.1.2/apiguardian-api-1.1.2.jar:/Users/alissonpedrina/.m2/repository/org/junit/jupiter/junit-jupiter-engine/5.9.2/junit-jupiter-engine-5.9.2.jar:/Users/alissonpedrina/.m2/repository/org/junit/platform/junit-platform-engine/1.9.2/junit-platform-engine-1.9.2.jar:/Users/alissonpedrina/.m2/repository/org/apache/maven/surefire/surefire-junit-platform/3.1.2/surefire-junit-platform-3.1.2.jar:/Users/alissonpedrina/.m2/repository/org/apache/maven/surefire/common-java5/3.1.2/common-java5-3.1.2.jar:/Users/alissonpedrina/.m2/repository/org/junit/platform/junit-platform-launcher/1.9.2/junit-platform-launcher-1.9.2.jar"/>
    <property name="sun.management.compiler" value="HotSpot 64-Bit Tiered Compilers"/>
    <property name="ftp.nonProxyHosts" value="local|*.local|169.254/16|*.169.254/16"/>
    <property name="java.runtime.version" value="18+37-FR"/>
    <property name="user.name" value="alissonpedrina"/>
    <property name="path.separator" value=":"/>
    <property name="os.version" value="10.14.6"/>
    <property name="java.runtime.name" value="OpenJDK Runtime Environment"/>
    <property name="file.encoding" value="UTF-8"/>
    <property name="java.vm.name" value="OpenJDK 64-Bit Server VM"/>
    <property name="java.vendor.version" value="Corretto-18.0.0.37.1"/>
    <property name="localRepository" value="/Users/alissonpedrina/.m2/repository"/>
    <property name="java.vendor.url.bug" value="https://github.com/corretto/corretto-18/issues/"/>
    <property name="java.io.tmpdir" value="/var/folders/f_/r3238_q94p1b9jjx081gvgqh0000gn/T/"/>
    <property name="java.version" value="18"/>
    <property name="user.dir" value="/Users/alissonpedrina/Documents/projetos/github/akumoplatform"/>
    <property name="os.arch" value="x86_64"/>
    <property name="java.vm.specification.name" value="Java Virtual Machine Specification"/>
    <property name="native.encoding" value="UTF-8"/>
    <property name="java.library.path" value="/Users/alissonpedrina/Library/Java/Extensions:/Library/Java/Extensions:/Network/Library/Java/Extensions:/System/Library/Java/Extensions:/usr/lib/java:."/>
    <property name="java.vm.info" value="mixed mode"/>
    <property name="java.vendor" value="Amazon.com Inc."/>
    <property name="java.vm.version" value="18+37-FR"/>
    <property name="sun.io.unicode.encoding" value="UnicodeBig"/>
    <property name="socksNonProxyHosts" value="local|*.local|169.254/16|*.169.254/16"/>
    <property name="java.class.version" value="62.0"/>
  </properties>
  <testcase name="generate_json" classname="br.com.cielo.pfi.JsonTest" time="0.311">
    <system-out><![CDATA[{"rootDir":"C:\\","microservices":[{"name":"pfi-web","ready":12.0,"rootDir":"C:\\"}],"containers":[{"name":"KeyCloak","ready":0.0,"rootDir":"C:\\","type":"docker"}]}
]]></system-out>
  </testcase>
</testsuite>