<?xml version="1.0" encoding="UTF-8"?>
<testsuite xmlns:xsi="http://www.w3.org/2001/XMLSchema-instance" xsi:noNamespaceSchemaLocation="https://maven.apache.org/surefire/maven-surefire-plugin/xsd/surefire-test-report-3.0.xsd" version="3.0" name="br.com.cielo.pfi.MavenTest" time="7.459" tests="2" errors="0" skipped="0" failures="0">
  <properties>
    <property name="java.specification.version" value="18"/>
    <property name="sun.jnu.encoding" value="UTF-8"/>
    <property name="java.class.path" value="/Users/alissonpedrina/Documents/projetos/github/akumoplatform/target/test-classes:/Users/alissonpedrina/.m2/repository/org/openjfx/javafx-controls/17.0.6/javafx-controls-17.0.6.jar:/Users/alissonpedrina/.m2/repository/org/openjfx/javafx-graphics/17.0.6/javafx-graphics-17.0.6.jar:/Users/alissonpedrina/.m2/repository/org/openjfx/javafx-base/17.0.6/javafx-base-17.0.6.jar:/Users/alissonpedrina/.m2/repository/org/openjfx/javafx-fxml/17.0.6/javafx-fxml-17.0.6.jar:/Users/alissonpedrina/.m2/repository/org/apache/maven/shared/maven-shared-utils/3.3.4/maven-shared-utils-3.3.4.jar:/Users/alissonpedrina/.m2/repository/javax/inject/javax.inject/1/javax.inject-1.jar:/Users/alissonpedrina/.m2/repository/org/junit/jupiter/junit-jupiter-api/5.9.2/junit-jupiter-api-5.9.2.jar:/Users/alissonpedrina/.m2/repository/org/opentest4j/opentest4j/1.2.0/opentest4j-1.2.0.jar:/Users/alissonpedrina/.m2/repository/org/junit/platform/junit-platform-commons/1.9.2/junit-platform-commons-1.9.2.jar:/Users/alissonpedrina/.m2/repository/org/apiguardian/apiguardian-api/1.1.2/apiguardian-api-1.1.2.jar:/Users/alissonpedrina/.m2/repository/org/junit/jupiter/junit-jupiter-engine/5.9.2/junit-jupiter-engine-5.9.2.jar:/Users/alissonpedrina/.m2/repository/org/junit/platform/junit-platform-engine/1.9.2/junit-platform-engine-1.9.2.jar:"/>
    <property name="java.vm.vendor" value="Amazon.com Inc."/>
    <property name="sun.arch.data.model" value="64"/>
    <property name="java.vendor.url" value="https://aws.amazon.com/corretto/"/>
    <property name="os.name" value="Mac OS X"/>
    <property name="java.vm.specification.version" value="18"/>
    <property name="sun.java.launcher" value="SUN_STANDARD"/>
    <property name="user.country" value="BR"/>
    <property name="sun.boot.library.path" value="/Users/alissonpedrina/.sdkman/candidates/java/18-amzn/lib"/>
    <property name="sun.java.command" value="org.apache.maven.surefire.booter.ForkedBooter /Users/alissonpedrina/Documents/projetos/github/akumoplatform/target/surefire 2023-09-11T05-58-55_511-jvmRun1 surefire-20230911055855937_1tmp surefire_0-20230911055855937_2tmp"/>
    <property name="http.nonProxyHosts" value="local|*.local|169.254/16|*.169.254/16"/>
    <property name="jdk.debug" value="release"/>
    <property name="surefire.test.class.path" value="/Users/alissonpedrina/Documents/projetos/github/akumoplatform/target/test-classes:/Users/alissonpedrina/.m2/repository/org/openjfx/javafx-controls/17.0.6/javafx-controls-17.0.6.jar:/Users/alissonpedrina/.m2/repository/org/openjfx/javafx-graphics/17.0.6/javafx-graphics-17.0.6.jar:/Users/alissonpedrina/.m2/repository/org/openjfx/javafx-base/17.0.6/javafx-base-17.0.6.jar:/Users/alissonpedrina/.m2/repository/org/openjfx/javafx-fxml/17.0.6/javafx-fxml-17.0.6.jar:/Users/alissonpedrina/.m2/repository/org/apache/maven/shared/maven-shared-utils/3.3.4/maven-shared-utils-3.3.4.jar:/Users/alissonpedrina/.m2/repository/javax/inject/javax.inject/1/javax.inject-1.jar:/Users/alissonpedrina/.m2/repository/org/junit/jupiter/junit-jupiter-api/5.9.2/junit-jupiter-api-5.9.2.jar:/Users/alissonpedrina/.m2/repository/org/opentest4j/opentest4j/1.2.0/opentest4j-1.2.0.jar:/Users/alissonpedrina/.m2/repository/org/junit/platform/junit-platform-commons/1.9.2/junit-platform-commons-1.9.2.jar:/Users/alissonpedrina/.m2/repository/org/apiguardian/apiguardian-api/1.1.2/apiguardian-api-1.1.2.jar:/Users/alissonpedrina/.m2/repository/org/junit/jupiter/junit-jupiter-engine/5.9.2/junit-jupiter-engine-5.9.2.jar:/Users/alissonpedrina/.m2/repository/org/junit/platform/junit-platform-engine/1.9.2/junit-platform-engine-1.9.2.jar:"/>
    <property name="sun.cpu.endian" value="little"/>
    <property name="user.home" value="/Users/alissonpedrina"/>
    <property name="user.language" value="pt"/>
    <property name="java.specification.vendor" value="Oracle Corporation"/>
    <property name="jdk.module.path" value="/Users/alissonpedrina/Documents/projetos/github/akumoplatform/target/classes:/Users/alissonpedrina/.m2/repository/org/openjfx/javafx-controls/17.0.6/javafx-controls-17.0.6-mac.jar:/Users/alissonpedrina/.m2/repository/org/openjfx/javafx-graphics/17.0.6/javafx-graphics-17.0.6-mac.jar:/Users/alissonpedrina/.m2/repository/org/openjfx/javafx-base/17.0.6/javafx-base-17.0.6-mac.jar:/Users/alissonpedrina/.m2/repository/org/openjfx/javafx-fxml/17.0.6/javafx-fxml-17.0.6-mac.jar:/Users/alissonpedrina/.m2/repository/org/controlsfx/controlsfx/11.1.2/controlsfx-11.1.2.jar:/Users/alissonpedrina/.m2/repository/com/dlsc/formsfx/formsfx-core/11.6.0/formsfx-core-11.6.0.jar:/Users/alissonpedrina/.m2/repository/com/google/code/gson/gson/2.10.1/gson-2.10.1.jar:/Users/alissonpedrina/.m2/repository/org/apache/maven/shared/maven-invoker/3.2.0/maven-invoker-3.2.0.jar:/Users/alissonpedrina/.m2/repository/commons-io/commons-io/2.6/commons-io-2.6.jar:/Users/alissonpedrina/.m2/repository/org/kordamp/bootstrapfx/bootstrapfx-core/0.4.0/bootstrapfx-core-0.4.0.jar"/>
    <property name="java.version.date" value="2022-03-22"/>
    <property name="java.home" value="/Users/alissonpedrina/.sdkman/candidates/java/18-amzn"/>
    <property name="file.separator" value="/"/>
    <property name="basedir" value="/Users/alissonpedrina/Documents/projetos/github/akumoplatform"/>
    <property name="java.vm.compressedOopsMode" value="Zero based"/>
    <property name="line.separator" value="&#10;"/>
    <property name="java.vm.specification.vendor" value="Oracle Corporation"/>
    <property name="java.specification.name" value="Java Platform API Specification"/>
    <property name="apple.awt.application.name" value="ForkedBooter"/>
    <property name="surefire.real.class.path" value="/Users/alissonpedrina/.m2/repository/org/apache/maven/surefire/surefire-api/3.1.2/surefire-api-3.1.2.jar:/Users/alissonpedrina/.m2/repository/org/apache/maven/surefire/surefire-booter/3.1.2/surefire-booter-3.1.2.jar:/Users/alissonpedrina/.m2/repository/org/apache/maven/surefire/surefire-extensions-spi/3.1.2/surefire-extensions-spi-3.1.2.jar:/Users/alissonpedrina/.m2/repository/org/apache/maven/surefire/surefire-logger-api/3.1.2/surefire-logger-api-3.1.2.jar:/Users/alissonpedrina/.m2/repository/org/apache/maven/surefire/surefire-shared-utils/3.1.2/surefire-shared-utils-3.1.2.jar:/Users/alissonpedrina/Documents/projetos/github/akumoplatform/target/test-classes:/Users/alissonpedrina/.m2/repository/org/openjfx/javafx-controls/17.0.6/javafx-controls-17.0.6.jar:/Users/alissonpedrina/.m2/repository/org/openjfx/javafx-graphics/17.0.6/javafx-graphics-17.0.6.jar:/Users/alissonpedrina/.m2/repository/org/openjfx/javafx-base/17.0.6/javafx-base-17.0.6.jar:/Users/alissonpedrina/.m2/repository/org/openjfx/javafx-fxml/17.0.6/javafx-fxml-17.0.6.jar:/Users/alissonpedrina/.m2/repository/org/apache/maven/shared/maven-shared-utils/3.3.4/maven-shared-utils-3.3.4.jar:/Users/alissonpedrina/.m2/repository/javax/inject/javax.inject/1/javax.inject-1.jar:/Users/alissonpedrina/.m2/repository/org/junit/jupiter/junit-jupiter-api/5.9.2/junit-jupiter-api-5.9.2.jar:/Users/alissonpedrina/.m2/repository/org/opentest4j/opentest4j/1.2.0/opentest4j-1.2.0.jar:/Users/alissonpedrina/.m2/repository/org/junit/platform/junit-platform-commons/1.9.2/junit-platform-commons-1.9.2.jar:/Users/alissonpedrina/.m2/repository/org/apiguardian/apiguardian-api/1.1.2/apiguardian-api-1.1.2.jar:/Users/alissonpedrina/.m2/repository/org/junit/jupiter/junit-jupiter-engine/5.9.2/junit-jupiter-engine-5.9.2.jar:/Users/alissonpedrina/.m2/repository/org/junit/platform/junit-platform-engine/1.9.2/junit-platform-engine-1.9.2.jar:/Users/alissonpedrina/.m2/repository/org/apache/maven/surefire/surefire-junit-platform/3.1.2/surefire-junit-platform-3.1.2.jar:/Users/alissonpedrina/.m2/repository/org/apache/maven/surefire/common-java5/3.1.2/common-java5-3.1.2.jar:/Users/alissonpedrina/.m2/repository/org/junit/platform/junit-platform-launcher/1.9.2/junit-platform-launcher-1.9.2.jar"/>
    <property name="sun.management.compiler" value="HotSpot 64-Bit Tiered Compilers"/>
    <property name="ftp.nonProxyHosts" value="local|*.local|169.254/16|*.169.254/16"/>
    <property name="java.runtime.version" value="18+37-FR"/>
    <property name="user.name" value="alissonpedrina"/>
    <property name="path.separator" value=":"/>
    <property name="os.version" value="10.14.6"/>
    <property name="java.runtime.name" value="OpenJDK Runtime Environment"/>
    <property name="file.encoding" value="UTF-8"/>
    <property name="java.vm.name" value="OpenJDK 64-Bit Server VM"/>
    <property name="java.vendor.version" value="Corretto-18.0.0.37.1"/>
    <property name="localRepository" value="/Users/alissonpedrina/.m2/repository"/>
    <property name="java.vendor.url.bug" value="https://github.com/corretto/corretto-18/issues/"/>
    <property name="java.io.tmpdir" value="/var/folders/f_/r3238_q94p1b9jjx081gvgqh0000gn/T/"/>
    <property name="java.version" value="18"/>
    <property name="user.dir" value="/Users/alissonpedrina/Documents/projetos/github/akumoplatform"/>
    <property name="os.arch" value="x86_64"/>
    <property name="java.vm.specification.name" value="Java Virtual Machine Specification"/>
    <property name="native.encoding" value="UTF-8"/>
    <property name="java.library.path" value="/Users/alissonpedrina/Library/Java/Extensions:/Library/Java/Extensions:/Network/Library/Java/Extensions:/System/Library/Java/Extensions:/usr/lib/java:."/>
    <property name="java.vm.info" value="mixed mode"/>
    <property name="java.vendor" value="Amazon.com Inc."/>
    <property name="java.vm.version" value="18+37-FR"/>
    <property name="sun.io.unicode.encoding" value="UnicodeBig"/>
    <property name="socksNonProxyHosts" value="local|*.local|169.254/16|*.169.254/16"/>
    <property name="java.class.version" value="62.0"/>
  </properties>
  <testcase name="call_mvn" classname="br.com.cielo.pfi.MavenTest" time="3.528">
    <system-out><![CDATA[[INFO] Scanning for projects...
[INFO] 
[INFO] ------------------------< br.com.cielo.pfi:pfi >------------------------
[INFO] Building pfi 1.0-SNAPSHOT
[INFO]   from pom.xml
[INFO] --------------------------------[ jar ]---------------------------------
[INFO] 
[INFO] --- resources:3.3.0:resources (default-resources) @ pfi ---
[INFO] Copying 3 resources
[INFO] 
[INFO] --- compiler:3.11.0:compile (default-compile) @ pfi ---
[WARNING] ***********************************************************************************************************************************************
[WARNING] * Required filename-based automodules detected: [maven-invoker-3.2.0.jar]. Please don't publish this project to a public artifact repository! *
[WARNING] ***********************************************************************************************************************************************
[INFO] Nothing to compile - all classes are up to date
[INFO] 
[INFO] --- resources:3.3.0:testResources (default-testResources) @ pfi ---
[INFO] Not copying test resources
[INFO] 
[INFO] --- compiler:3.11.0:testCompile (default-testCompile) @ pfi ---
[INFO] Not compiling test sources
[INFO] 
[INFO] --- surefire:3.0.0:test (default-test) @ pfi ---
[INFO] Tests are skipped.
[INFO] 
[INFO] --- jar:3.3.0:jar (default-jar) @ pfi ---
[INFO] 
[INFO] --- install:3.1.0:install (default-install) @ pfi ---
[INFO] Installing /Users/alissonpedrina/Documents/projetos/pfi/pom.xml to /Users/alissonpedrina/.m2/repository/br/com/cielo/pfi/pfi/1.0-SNAPSHOT/pfi-1.0-SNAPSHOT.pom
[INFO] Installing /Users/alissonpedrina/Documents/projetos/pfi/target/pfi-1.0-SNAPSHOT.jar to /Users/alissonpedrina/.m2/repository/br/com/cielo/pfi/pfi/1.0-SNAPSHOT/pfi-1.0-SNAPSHOT.jar
[INFO] ------------------------------------------------------------------------
[INFO] BUILD SUCCESS
[INFO] ------------------------------------------------------------------------
[INFO] Total time:  1.606 s
[INFO] Finished at: 2023-09-11T05:59:00-03:00
[INFO] ------------------------------------------------------------------------
result 
]]></system-out>
    <system-err><![CDATA[java.lang.NullPointerException: Cannot invoke "org.apache.maven.shared.utils.cli.CommandLineException.getStackTrace()" because "clEx" is null
	at br.com.cielo.pfi.pfi@1.0-SNAPSHOT/br.com.cielo.pfi.MavenTest.call_mvn(MavenTest.java:29)
	at java.base/jdk.internal.reflect.DirectMethodHandleAccessor.invoke(DirectMethodHandleAccessor.java:104)
	at java.base/java.lang.reflect.Method.invoke(Method.java:577)
	at org.junit.platform.commons.util.ReflectionUtils.invokeMethod(ReflectionUtils.java:727)
	at org.junit.jupiter.engine.execution.MethodInvocation.proceed(MethodInvocation.java:60)
	at org.junit.jupiter.engine.execution.InvocationInterceptorChain$ValidatingInvocation.proceed(InvocationInterceptorChain.java:131)
	at org.junit.jupiter.engine.extension.TimeoutExtension.intercept(TimeoutExtension.java:156)
	at org.junit.jupiter.engine.extension.TimeoutExtension.interceptTestableMethod(TimeoutExtension.java:147)
	at org.junit.jupiter.engine.extension.TimeoutExtension.interceptTestMethod(TimeoutExtension.java:86)
	at org.junit.jupiter.engine.execution.InterceptingExecutableInvoker$ReflectiveInterceptorCall.lambda$ofVoidMethod$0(InterceptingExecutableInvoker.java:103)
	at org.junit.jupiter.engine.execution.InterceptingExecutableInvoker.lambda$invoke$0(InterceptingExecutableInvoker.java:93)
	at org.junit.jupiter.engine.execution.InvocationInterceptorChain$InterceptedInvocation.proceed(InvocationInterceptorChain.java:106)
	at org.junit.jupiter.engine.execution.InvocationInterceptorChain.proceed(InvocationInterceptorChain.java:64)
	at org.junit.jupiter.engine.execution.InvocationInterceptorChain.chainAndInvoke(InvocationInterceptorChain.java:45)
	at org.junit.jupiter.engine.execution.InvocationInterceptorChain.invoke(InvocationInterceptorChain.java:37)
	at org.junit.jupiter.engine.execution.InterceptingExecutableInvoker.invoke(InterceptingExecutableInvoker.java:92)
	at org.junit.jupiter.engine.execution.InterceptingExecutableInvoker.invoke(InterceptingExecutableInvoker.java:86)
	at org.junit.jupiter.engine.descriptor.TestMethodTestDescriptor.lambda$invokeTestMethod$7(TestMethodTestDescriptor.java:217)
	at org.junit.platform.engine.support.hierarchical.ThrowableCollector.execute(ThrowableCollector.java:73)
	at org.junit.jupiter.engine.descriptor.TestMethodTestDescriptor.invokeTestMethod(TestMethodTestDescriptor.java:213)
	at org.junit.jupiter.engine.descriptor.TestMethodTestDescriptor.execute(TestMethodTestDescriptor.java:138)
	at org.junit.jupiter.engine.descriptor.TestMethodTestDescriptor.execute(TestMethodTestDescriptor.java:68)
	at org.junit.platform.engine.support.hierarchical.NodeTestTask.lambda$executeRecursively$6(NodeTestTask.java:151)
	at org.junit.platform.engine.support.hierarchical.ThrowableCollector.execute(ThrowableCollector.java:73)
	at org.junit.platform.engine.support.hierarchical.NodeTestTask.lambda$executeRecursively$8(NodeTestTask.java:141)
	at org.junit.platform.engine.support.hierarchical.Node.around(Node.java:137)
	at org.junit.platform.engine.support.hierarchical.NodeTestTask.lambda$executeRecursively$9(NodeTestTask.java:139)
	at org.junit.platform.engine.support.hierarchical.ThrowableCollector.execute(ThrowableCollector.java:73)
	at org.junit.platform.engine.support.hierarchical.NodeTestTask.executeRecursively(NodeTestTask.java:138)
	at org.junit.platform.engine.support.hierarchical.NodeTestTask.execute(NodeTestTask.java:95)
	at java.base/java.util.ArrayList.forEach(ArrayList.java:1511)
	at org.junit.platform.engine.support.hierarchical.SameThreadHierarchicalTestExecutorService.invokeAll(SameThreadHierarchicalTestExecutorService.java:41)
	at org.junit.platform.engine.support.hierarchical.NodeTestTask.lambda$executeRecursively$6(NodeTestTask.java:155)
	at org.junit.platform.engine.support.hierarchical.ThrowableCollector.execute(ThrowableCollector.java:73)
	at org.junit.platform.engine.support.hierarchical.NodeTestTask.lambda$executeRecursively$8(NodeTestTask.java:141)
	at org.junit.platform.engine.support.hierarchical.Node.around(Node.java:137)
	at org.junit.platform.engine.support.hierarchical.NodeTestTask.lambda$executeRecursively$9(NodeTestTask.java:139)
	at org.junit.platform.engine.support.hierarchical.ThrowableCollector.execute(ThrowableCollector.java:73)
	at org.junit.platform.engine.support.hierarchical.NodeTestTask.executeRecursively(NodeTestTask.java:138)
	at org.junit.platform.engine.support.hierarchical.NodeTestTask.execute(NodeTestTask.java:95)
	at java.base/java.util.ArrayList.forEach(ArrayList.java:1511)
	at org.junit.platform.engine.support.hierarchical.SameThreadHierarchicalTestExecutorService.invokeAll(SameThreadHierarchicalTestExecutorService.java:41)
	at org.junit.platform.engine.support.hierarchical.NodeTestTask.lambda$executeRecursively$6(NodeTestTask.java:155)
	at org.junit.platform.engine.support.hierarchical.ThrowableCollector.execute(ThrowableCollector.java:73)
	at org.junit.platform.engine.support.hierarchical.NodeTestTask.lambda$executeRecursively$8(NodeTestTask.java:141)
	at org.junit.platform.engine.support.hierarchical.Node.around(Node.java:137)
	at org.junit.platform.engine.support.hierarchical.NodeTestTask.lambda$executeRecursively$9(NodeTestTask.java:139)
	at org.junit.platform.engine.support.hierarchical.ThrowableCollector.execute(ThrowableCollector.java:73)
	at org.junit.platform.engine.support.hierarchical.NodeTestTask.executeRecursively(NodeTestTask.java:138)
	at org.junit.platform.engine.support.hierarchical.NodeTestTask.execute(NodeTestTask.java:95)
	at org.junit.platform.engine.support.hierarchical.SameThreadHierarchicalTestExecutorService.submit(SameThreadHierarchicalTestExecutorService.java:35)
	at org.junit.platform.engine.support.hierarchical.HierarchicalTestExecutor.execute(HierarchicalTestExecutor.java:57)
	at org.junit.platform.engine.support.hierarchical.HierarchicalTestEngine.execute(HierarchicalTestEngine.java:54)
	at org.junit.platform.launcher.core.EngineExecutionOrchestrator.execute(EngineExecutionOrchestrator.java:147)
	at org.junit.platform.launcher.core.EngineExecutionOrchestrator.execute(EngineExecutionOrchestrator.java:127)
	at org.junit.platform.launcher.core.EngineExecutionOrchestrator.execute(EngineExecutionOrchestrator.java:90)
	at org.junit.platform.launcher.core.EngineExecutionOrchestrator.lambda$execute$0(EngineExecutionOrchestrator.java:55)
	at org.junit.platform.launcher.core.EngineExecutionOrchestrator.withInterceptedStreams(EngineExecutionOrchestrator.java:102)
	at org.junit.platform.launcher.core.EngineExecutionOrchestrator.execute(EngineExecutionOrchestrator.java:54)
	at org.junit.platform.launcher.core.DefaultLauncher.execute(DefaultLauncher.java:114)
	at org.junit.platform.launcher.core.DefaultLauncher.execute(DefaultLauncher.java:86)
	at org.junit.platform.launcher.core.DefaultLauncherSession$DelegatingLauncher.execute(DefaultLauncherSession.java:86)
	at org.apache.maven.surefire.junitplatform.LazyLauncher.execute(LazyLauncher.java:56)
	at org.apache.maven.surefire.junitplatform.JUnitPlatformProvider.execute(JUnitPlatformProvider.java:184)
	at org.apache.maven.surefire.junitplatform.JUnitPlatformProvider.invokeAllTests(JUnitPlatformProvider.java:148)
	at org.apache.maven.surefire.junitplatform.JUnitPlatformProvider.invoke(JUnitPlatformProvider.java:122)
	at org.apache.maven.surefire.booter.ForkedBooter.runSuitesInProcess(ForkedBooter.java:385)
	at org.apache.maven.surefire.booter.ForkedBooter.execute(ForkedBooter.java:162)
	at org.apache.maven.surefire.booter.ForkedBooter.run(ForkedBooter.java:507)
	at org.apache.maven.surefire.booter.ForkedBooter.main(ForkedBooter.java:495)
]]></system-err>
  </testcase>
  <testcase name="test" classname="br.com.cielo.pfi.MavenTest" time="3.894">
    <system-out><![CDATA[[INFO] Scanning for projects...
[INFO] 
[INFO] ------------------------< br.com.cielo.pfi:pfi >------------------------
[INFO] Building pfi 1.0-SNAPSHOT
[INFO]   from pom.xml
[INFO] --------------------------------[ jar ]---------------------------------
[INFO] 
[INFO] --- resources:3.3.0:resources (default-resources) @ pfi ---
[INFO] Copying 3 resources
[INFO] 
[INFO] --- compiler:3.11.0:compile (default-compile) @ pfi ---
[WARNING] ***********************************************************************************************************************************************
[WARNING] * Required filename-based automodules detected: [maven-invoker-3.2.0.jar]. Please don't publish this project to a public artifact repository! *
[WARNING] ***********************************************************************************************************************************************
[INFO] Nothing to compile - all classes are up to date
[INFO] 
[INFO] --- resources:3.3.0:testResources (default-testResources) @ pfi ---
[INFO] Not copying test resources
[INFO] 
[INFO] --- compiler:3.11.0:testCompile (default-testCompile) @ pfi ---
[INFO] Not compiling test sources
[INFO] 
[INFO] --- surefire:3.0.0:test (default-test) @ pfi ---
[INFO] Tests are skipped.
[INFO] 
[INFO] --- jar:3.3.0:jar (default-jar) @ pfi ---
[INFO] 
[INFO] --- install:3.1.0:install (default-install) @ pfi ---
[INFO] Installing /Users/alissonpedrina/Documents/projetos/pfi/pom.xml to /Users/alissonpedrina/.m2/repository/br/com/cielo/pfi/pfi/1.0-SNAPSHOT/pfi-1.0-SNAPSHOT.pom
[INFO] Installing /Users/alissonpedrina/Documents/projetos/pfi/target/pfi-1.0-SNAPSHOT.jar to /Users/alissonpedrina/.m2/repository/br/com/cielo/pfi/pfi/1.0-SNAPSHOT/pfi-1.0-SNAPSHOT.jar
[INFO] ------------------------------------------------------------------------
[INFO] BUILD SUCCESS
[INFO] ------------------------------------------------------------------------
[INFO] Total time:  1.630 s
[INFO] Finished at: 2023-09-11T05:59:04-03:00
[INFO] ------------------------------------------------------------------------
line______ >>> [INFO] Scanning for projects...
line______ >>> [INFO] 
line______ >>> [INFO] ------------------------< br.com.cielo.pfi:pfi >------------------------
line______ >>> [INFO] Building pfi 1.0-SNAPSHOT
line______ >>> [INFO]   from pom.xml
line______ >>> [INFO] --------------------------------[ jar ]---------------------------------
line______ >>> [INFO] 
line______ >>> [INFO] --- resources:3.3.0:resources (default-resources) @ pfi ---
line______ >>> [INFO] Copying 3 resources
line______ >>> [INFO] 
line______ >>> [INFO] --- compiler:3.11.0:compile (default-compile) @ pfi ---
line______ >>> [WARNING] ***********************************************************************************************************************************************
line______ >>> [WARNING] * Required filename-based automodules detected: [maven-invoker-3.2.0.jar]. Please don't publish this project to a public artifact repository! *
line______ >>> [WARNING] ***********************************************************************************************************************************************
line______ >>> [INFO] Nothing to compile - all classes are up to date
line______ >>> [INFO] 
line______ >>> [INFO] --- resources:3.3.0:testResources (default-testResources) @ pfi ---
line______ >>> [INFO] Not copying test resources
line______ >>> [INFO] 
line______ >>> [INFO] --- compiler:3.11.0:testCompile (default-testCompile) @ pfi ---
line______ >>> [INFO] Not compiling test sources
line______ >>> [INFO] 
line______ >>> [INFO] --- surefire:3.0.0:test (default-test) @ pfi ---
line______ >>> [INFO] Tests are skipped.
line______ >>> [INFO] 
line______ >>> [INFO] --- jar:3.3.0:jar (default-jar) @ pfi ---
line______ >>> [INFO] 
line______ >>> [INFO] --- install:3.1.0:install (default-install) @ pfi ---
line______ >>> [INFO] Installing /Users/alissonpedrina/Documents/projetos/pfi/pom.xml to /Users/alissonpedrina/.m2/repository/br/com/cielo/pfi/pfi/1.0-SNAPSHOT/pfi-1.0-SNAPSHOT.pom
line______ >>> [INFO] Installing /Users/alissonpedrina/Documents/projetos/pfi/target/pfi-1.0-SNAPSHOT.jar to /Users/alissonpedrina/.m2/repository/br/com/cielo/pfi/pfi/1.0-SNAPSHOT/pfi-1.0-SNAPSHOT.jar
line______ >>> [INFO] ------------------------------------------------------------------------
line______ >>> [INFO] BUILD SUCCESS
line______ >>> [INFO] ------------------------------------------------------------------------
line______ >>> [INFO] Total time:  1.630 s
line______ >>> [INFO] Finished at: 2023-09-11T05:59:04-03:00
line______ >>> [INFO] ------------------------------------------------------------------------
]]></system-out>
  </testcase>
</testsuite>